2025-06-24 15:20:35.931 | INFO     | ptz_controller:__init__:25 - Selected profile: {
    'Name': 'MainProfile',
    'VideoSourceConfiguration': {
        'Name': 'VideoSourceCfg0',
        'UseCount': 2,
        'SourceToken': 'VideoSourceToken_0',
        'Bounds': {
            'x': 0,
            'y': 0,
            'width': 1920,
            'height': 1080
        },
        '_value_1': None,
        'Extension': None,
        'token': 'VideoSourceCfgToken_0',
        '_attr_1': {
    }
    },
    'AudioSourceConfiguration': {
        'Name': 'AudioSourceCfg0',
        'UseCount': 2,
        'SourceToken': 'AudioSourceToken_0',
        '_value_1': None,
        'token': 'AudioSourceCfgToken_0',
        '_attr_1': {
    }
    },
    'VideoEncoderConfiguration': {
        'Name': 'VideoEncoderCfg0',
        'UseCount': 1,
        'Encoding': 'H264',
        'Resolution': {
            'Width': 1920,
            'Height': 1080
        },
        'Quality': 80.0,
        'RateControl': {
            'FrameRateLimit': 60,
            'EncodingInterval': 0,
            'BitrateLimit': 8388
        },
        'MPEG4': None,
        'H264': {
            'GovLength': 30,
            'H264Profile': 'Main'
        },
        'Multicast': {
            'Address': {
                'Type': 'IPv4',
                'IPv4Address': '224.1.2.3',
                'IPv6Address': None
            },
            'Port': 6688,
            'TTL': 5,
            'AutoStart': False,
            '_value_1': None,
            '_attr_1': None
        },
        'SessionTimeout': datetime.timedelta(seconds=720),
        '_value_1': None,
        'token': 'VideoEncoderCfgToken_0',
        '_attr_1': {
    }
    },
    'AudioEncoderConfiguration': {
        'Name': 'AudioEncoderCfg0',
        'UseCount': 2,
        'Encoding': 'AAC',
        'Bitrate': 96,
        'SampleRate': 48,
        'Multicast': {
            'Address': {
                'Type': 'IPv4',
                'IPv4Address': '192.168.1.70',
                'IPv6Address': None
            },
            'Port': 554,
            'TTL': 5,
            'AutoStart': False,
            '_value_1': None,
            '_attr_1': None
        },
        'SessionTimeout': datetime.timedelta(seconds=720),
        '_value_1': None,
        'token': 'AudioEncoderCfgToken_0',
        '_attr_1': {
    }
    },
    'VideoAnalyticsConfiguration': None,
    'PTZConfiguration': {
        'Name': 'PTZConfigurations_0',
        'UseCount': 2,
        'NodeToken': 'ptznode_token_0',
        'DefaultAbsolutePantTiltPositionSpace': 'http://www.onvif.org/ver10/tptz/PanTiltSpaces/DigitalPositionSpace',
        'DefaultAbsoluteZoomPositionSpace': 'http://www.onvif.org/ver10/tptz/ZoomSpaces/PositionGenericSpace',
        'DefaultRelativePanTiltTranslationSpace': 'http://www.onvif.org/ver10/tptz/PanTiltSpaces/DigitalTranslationSpace',
        'DefaultRelativeZoomTranslationSpace': 'http://www.onvif.org/ver10/tptz/ZoomSpaces/TranslationGenericSpace',
        'DefaultContinuousPanTiltVelocitySpace': 'http://www.onvif.org/ver10/tptz/PanTiltSpaces/VelocityGenericSpace',
        'DefaultContinuousZoomVelocitySpace': 'http://www.onvif.org/ver10/tptz/ZoomSpaces/VelocityGenericSpace',
        'DefaultPTZSpeed': {
            'PanTilt': {
                'x': 0.5,
                'y': 0.5,
                'space': 'http://www.onvif.org/ver10/tptz/PanTiltSpaces/GenericSpeedSpace'
            },
            'Zoom': {
                'x': 0.5,
                'space': 'http://www.onvif.org/ver10/tptz/ZoomSpaces/ZoomGenericSpeedSpace'
            }
        },
        'DefaultPTZTimeout': datetime.timedelta(seconds=60),
        'PanTiltLimits': {
            'Range': {
                'URI': 'http://www.onvif.org/ver20/ptz/wsdl',
                'XRange': {
                    'Min': -1.0,
                    'Max': 1.0
                },
                'YRange': {
                    'Min': -1.0,
                    'Max': 3.0
                }
            }
        },
        'ZoomLimits': {
            'Range': {
                'URI': 'http://www.onvif.org/ver20/ptz/wsdl',
                'XRange': {
                    'Min': 0.0,
                    'Max': 1.0
                }
            }
        },
        'Extension': {
            '_value_1': [
                <Element {http://www.onvif.org/ver10/schema}PTControlDirection at 0x7f9ad37f6b40>
            ],
            'PTControlDirection': None,
            'Extension': None
        },
        'token': 'PTZCfgToken_0',
        '_attr_1': {
    }
    },
    'MetadataConfiguration': None,
    'Extension': None,
    'token': 'MainProfileToken',
    'fixed': True,
    '_attr_1': {
}
}
2025-06-24 15:20:35.931 | INFO     | ptz_controller:__init__:26 - Profile token: MainProfileToken
2025-06-24 15:20:35.931 | INFO     | ptz_controller:__init__:27 - Type of profile token: <class 'str'>
2025-06-24 15:20:35.946 | INFO     | ptz_controller:__init__:50 - PTZService initialized with IP: 192.168.1.70, Profile: MainProfile, Pan/Tilt Range: (-1.0, 1.0), (-1.0, 1.0), Zoom Range: (0.0, 1.0)
2025-06-24 15:20:35.947 | INFO     | ptz_controller:__init__:76 - Initialized ContinuousMove request with dictionary payload: {
    'ProfileToken': 'MainProfileToken',
    'Velocity': {
        'PanTilt': {
            'x': 0.0,
            'y': 0.0,
            'space': 'http://www.onvif.org/ver10/tptz/PanTiltSpaces/VelocityGenericSpace'
        },
        'Zoom': {
            'x': 0.0,
            'space': 'http://www.onvif.org/ver10/tptz/ZoomSpaces/VelocityGenericSpace'
        }
    },
    'Timeout': None
}
2025-06-24 15:20:37.791 | INFO     | ptz_controller:set_home_position:210 - set_home_position: Using ONVIF GotoHomePosition command
2025-06-24 15:20:39.327 | DEBUG    | ptz_controller:continuous_move:132 - Executing ContinuousMove with request: {
    'ProfileToken': 'MainProfileToken',
    'Velocity': {
        'PanTilt': {
            'x': -0.2,
            'y': 0.2,
            'space': 'http://www.onvif.org/ver10/tptz/PanTiltSpaces/VelocityGenericSpace'
        },
        'Zoom': {
            'x': 0.0,
            'space': 'http://www.onvif.org/ver10/tptz/ZoomSpaces/VelocityGenericSpace'
        }
    },
    'Timeout': None
}
2025-06-24 15:20:39.393 | DEBUG    | ptz_controller:continuous_move:132 - Executing ContinuousMove with request: {
    'ProfileToken': 'MainProfileToken',
    'Velocity': {
        'PanTilt': {
            'x': -0.4,
            'y': 0.4,
            'space': 'http://www.onvif.org/ver10/tptz/PanTiltSpaces/VelocityGenericSpace'
        },
        'Zoom': {
            'x': 0.0,
            'space': 'http://www.onvif.org/ver10/tptz/ZoomSpaces/VelocityGenericSpace'
        }
    },
    'Timeout': None
}
2025-06-24 15:20:39.474 | DEBUG    | ptz_controller:continuous_move:132 - Executing ContinuousMove with request: {
    'ProfileToken': 'MainProfileToken',
    'Velocity': {
        'PanTilt': {
            'x': -0.6,
            'y': 0.6,
            'space': 'http://www.onvif.org/ver10/tptz/PanTiltSpaces/VelocityGenericSpace'
        },
        'Zoom': {
            'x': 0.0,
            'space': 'http://www.onvif.org/ver10/tptz/ZoomSpaces/VelocityGenericSpace'
        }
    },
    'Timeout': None
}
2025-06-24 15:20:39.531 | DEBUG    | ptz_controller:continuous_move:132 - Executing ContinuousMove with request: {
    'ProfileToken': 'MainProfileToken',
    'Velocity': {
        'PanTilt': {
            'x': -0.59,
            'y': 0.73,
            'space': 'http://www.onvif.org/ver10/tptz/PanTiltSpaces/VelocityGenericSpace'
        },
        'Zoom': {
            'x': -0.09,
            'space': 'http://www.onvif.org/ver10/tptz/ZoomSpaces/VelocityGenericSpace'
        }
    },
    'Timeout': None
}
2025-06-24 15:20:39.594 | DEBUG    | ptz_controller:continuous_move:132 - Executing ContinuousMove with request: {
    'ProfileToken': 'MainProfileToken',
    'Velocity': {
        'PanTilt': {
            'x': -0.48,
            'y': 0.66,
            'space': 'http://www.onvif.org/ver10/tptz/PanTiltSpaces/VelocityGenericSpace'
        },
        'Zoom': {
            'x': 0.0,
            'space': 'http://www.onvif.org/ver10/tptz/ZoomSpaces/VelocityGenericSpace'
        }
    },
    'Timeout': None
}
2025-06-24 15:20:39.866 | DEBUG    | ptz_controller:continuous_move:132 - Executing ContinuousMove with request: {
    'ProfileToken': 'MainProfileToken',
    'Velocity': {
        'PanTilt': {
            'x': -0.17,
            'y': 0.14,
            'space': 'http://www.onvif.org/ver10/tptz/PanTiltSpaces/VelocityGenericSpace'
        },
        'Zoom': {
            'x': 0.0,
            'space': 'http://www.onvif.org/ver10/tptz/ZoomSpaces/VelocityGenericSpace'
        }
    },
    'Timeout': None
}
2025-06-24 15:20:39.943 | DEBUG    | ptz_controller:continuous_move:132 - Executing ContinuousMove with request: {
    'ProfileToken': 'MainProfileToken',
    'Velocity': {
        'PanTilt': {
            'x': -0.15,
            'y': 0.11,
            'space': 'http://www.onvif.org/ver10/tptz/PanTiltSpaces/VelocityGenericSpace'
        },
        'Zoom': {
            'x': 0.0,
            'space': 'http://www.onvif.org/ver10/tptz/ZoomSpaces/VelocityGenericSpace'
        }
    },
    'Timeout': None
}
2025-06-24 15:20:40.003 | DEBUG    | ptz_controller:continuous_move:132 - Executing ContinuousMove with request: {
    'ProfileToken': 'MainProfileToken',
    'Velocity': {
        'PanTilt': {
            'x': -0.14,
            'y': 0.0,
            'space': 'http://www.onvif.org/ver10/tptz/PanTiltSpaces/VelocityGenericSpace'
        },
        'Zoom': {
            'x': 0.06,
            'space': 'http://www.onvif.org/ver10/tptz/ZoomSpaces/VelocityGenericSpace'
        }
    },
    'Timeout': None
}
2025-06-24 15:20:40.068 | DEBUG    | ptz_controller:continuous_move:132 - Executing ContinuousMove with request: {
    'ProfileToken': 'MainProfileToken',
    'Velocity': {
        'PanTilt': {
            'x': -0.12,
            'y': 0.0,
            'space': 'http://www.onvif.org/ver10/tptz/PanTiltSpaces/VelocityGenericSpace'
        },
        'Zoom': {
            'x': 0.0,
            'space': 'http://www.onvif.org/ver10/tptz/ZoomSpaces/VelocityGenericSpace'
        }
    },
    'Timeout': None
}
2025-06-24 15:20:40.173 | DEBUG    | ptz_controller:continuous_move:132 - Executing ContinuousMove with request: {
    'ProfileToken': 'MainProfileToken',
    'Velocity': {
        'PanTilt': {
            'x': -0.11,
            'y': 0.0,
            'space': 'http://www.onvif.org/ver10/tptz/PanTiltSpaces/VelocityGenericSpace'
        },
        'Zoom': {
            'x': 0.06,
            'space': 'http://www.onvif.org/ver10/tptz/ZoomSpaces/VelocityGenericSpace'
        }
    },
    'Timeout': None
}
2025-06-24 15:20:40.245 | DEBUG    | ptz_controller:continuous_move:132 - Executing ContinuousMove with request: {
    'ProfileToken': 'MainProfileToken',
    'Velocity': {
        'PanTilt': {
            'x': 0.0,
            'y': 0.0,
            'space': 'http://www.onvif.org/ver10/tptz/PanTiltSpaces/VelocityGenericSpace'
        },
        'Zoom': {
            'x': 0.07,
            'space': 'http://www.onvif.org/ver10/tptz/ZoomSpaces/VelocityGenericSpace'
        }
    },
    'Timeout': None
}
2025-06-24 15:20:40.321 | DEBUG    | ptz_controller:continuous_move:132 - Executing ContinuousMove with request: {
    'ProfileToken': 'MainProfileToken',
    'Velocity': {
        'PanTilt': {
            'x': 0.0,
            'y': 0.0,
            'space': 'http://www.onvif.org/ver10/tptz/PanTiltSpaces/VelocityGenericSpace'
        },
        'Zoom': {
            'x': 0.0,
            'space': 'http://www.onvif.org/ver10/tptz/ZoomSpaces/VelocityGenericSpace'
        }
    },
    'Timeout': None
}
2025-06-24 15:20:41.329 | DEBUG    | ptz_controller:continuous_move:132 - Executing ContinuousMove with request: {
    'ProfileToken': 'MainProfileToken',
    'Velocity': {
        'PanTilt': {
            'x': 0.0,
            'y': 0.2,
            'space': 'http://www.onvif.org/ver10/tptz/PanTiltSpaces/VelocityGenericSpace'
        },
        'Zoom': {
            'x': 0.19,
            'space': 'http://www.onvif.org/ver10/tptz/ZoomSpaces/VelocityGenericSpace'
        }
    },
    'Timeout': None
}
2025-06-24 15:20:41.390 | DEBUG    | ptz_controller:continuous_move:132 - Executing ContinuousMove with request: {
    'ProfileToken': 'MainProfileToken',
    'Velocity': {
        'PanTilt': {
            'x': 0.0,
            'y': 0.38,
            'space': 'http://www.onvif.org/ver10/tptz/PanTiltSpaces/VelocityGenericSpace'
        },
        'Zoom': {
            'x': 0.0,
            'space': 'http://www.onvif.org/ver10/tptz/ZoomSpaces/VelocityGenericSpace'
        }
    },
    'Timeout': None
}
2025-06-24 15:20:41.468 | DEBUG    | ptz_controller:continuous_move:132 - Executing ContinuousMove with request: {
    'ProfileToken': 'MainProfileToken',
    'Velocity': {
        'PanTilt': {
            'x': 0.0,
            'y': 0.42,
            'space': 'http://www.onvif.org/ver10/tptz/PanTiltSpaces/VelocityGenericSpace'
        },
        'Zoom': {
            'x': 0.2,
            'space': 'http://www.onvif.org/ver10/tptz/ZoomSpaces/VelocityGenericSpace'
        }
    },
    'Timeout': None
}
2025-06-24 15:20:41.543 | DEBUG    | ptz_controller:continuous_move:132 - Executing ContinuousMove with request: {
    'ProfileToken': 'MainProfileToken',
    'Velocity': {
        'PanTilt': {
            'x': 0.0,
            'y': 0.44,
            'space': 'http://www.onvif.org/ver10/tptz/PanTiltSpaces/VelocityGenericSpace'
        },
        'Zoom': {
            'x': 0.0,
            'space': 'http://www.onvif.org/ver10/tptz/ZoomSpaces/VelocityGenericSpace'
        }
    },
    'Timeout': None
}
2025-06-24 15:20:41.641 | DEBUG    | ptz_controller:continuous_move:132 - Executing ContinuousMove with request: {
    'ProfileToken': 'MainProfileToken',
    'Velocity': {
        'PanTilt': {
            'x': 0.0,
            'y': 0.44,
            'space': 'http://www.onvif.org/ver10/tptz/PanTiltSpaces/VelocityGenericSpace'
        },
        'Zoom': {
            'x': 0.2,
            'space': 'http://www.onvif.org/ver10/tptz/ZoomSpaces/VelocityGenericSpace'
        }
    },
    'Timeout': None
}
2025-06-24 15:20:41.703 | DEBUG    | ptz_controller:continuous_move:132 - Executing ContinuousMove with request: {
    'ProfileToken': 'MainProfileToken',
    'Velocity': {
        'PanTilt': {
            'x': 0.0,
            'y': 0.4,
            'space': 'http://www.onvif.org/ver10/tptz/PanTiltSpaces/VelocityGenericSpace'
        },
        'Zoom': {
            'x': 0.0,
            'space': 'http://www.onvif.org/ver10/tptz/ZoomSpaces/VelocityGenericSpace'
        }
    },
    'Timeout': None
}
2025-06-24 15:20:41.791 | DEBUG    | ptz_controller:continuous_move:132 - Executing ContinuousMove with request: {
    'ProfileToken': 'MainProfileToken',
    'Velocity': {
        'PanTilt': {
            'x': 0.0,
            'y': 0.36,
            'space': 'http://www.onvif.org/ver10/tptz/PanTiltSpaces/VelocityGenericSpace'
        },
        'Zoom': {
            'x': 0.2,
            'space': 'http://www.onvif.org/ver10/tptz/ZoomSpaces/VelocityGenericSpace'
        }
    },
    'Timeout': None
}
2025-06-24 15:20:41.859 | DEBUG    | ptz_controller:continuous_move:132 - Executing ContinuousMove with request: {
    'ProfileToken': 'MainProfileToken',
    'Velocity': {
        'PanTilt': {
            'x': 0.0,
            'y': 0.32,
            'space': 'http://www.onvif.org/ver10/tptz/PanTiltSpaces/VelocityGenericSpace'
        },
        'Zoom': {
            'x': 0.0,
            'space': 'http://www.onvif.org/ver10/tptz/ZoomSpaces/VelocityGenericSpace'
        }
    },
    'Timeout': None
}
2025-06-24 15:20:41.937 | DEBUG    | ptz_controller:continuous_move:132 - Executing ContinuousMove with request: {
    'ProfileToken': 'MainProfileToken',
    'Velocity': {
        'PanTilt': {
            'x': 0.0,
            'y': 0.24,
            'space': 'http://www.onvif.org/ver10/tptz/PanTiltSpaces/VelocityGenericSpace'
        },
        'Zoom': {
            'x': 0.2,
            'space': 'http://www.onvif.org/ver10/tptz/ZoomSpaces/VelocityGenericSpace'
        }
    },
    'Timeout': None
}
2025-06-24 15:20:41.999 | DEBUG    | ptz_controller:continuous_move:132 - Executing ContinuousMove with request: {
    'ProfileToken': 'MainProfileToken',
    'Velocity': {
        'PanTilt': {
            'x': 0.0,
            'y': 0.21,
            'space': 'http://www.onvif.org/ver10/tptz/PanTiltSpaces/VelocityGenericSpace'
        },
        'Zoom': {
            'x': 0.0,
            'space': 'http://www.onvif.org/ver10/tptz/ZoomSpaces/VelocityGenericSpace'
        }
    },
    'Timeout': None
}
2025-06-24 15:20:42.071 | DEBUG    | ptz_controller:continuous_move:132 - Executing ContinuousMove with request: {
    'ProfileToken': 'MainProfileToken',
    'Velocity': {
        'PanTilt': {
            'x': 0.0,
            'y': 0.17,
            'space': 'http://www.onvif.org/ver10/tptz/PanTiltSpaces/VelocityGenericSpace'
        },
        'Zoom': {
            'x': 0.19,
            'space': 'http://www.onvif.org/ver10/tptz/ZoomSpaces/VelocityGenericSpace'
        }
    },
    'Timeout': None
}
2025-06-24 15:20:42.130 | DEBUG    | ptz_controller:continuous_move:132 - Executing ContinuousMove with request: {
    'ProfileToken': 'MainProfileToken',
    'Velocity': {
        'PanTilt': {
            'x': 0.0,
            'y': 0.16,
            'space': 'http://www.onvif.org/ver10/tptz/PanTiltSpaces/VelocityGenericSpace'
        },
        'Zoom': {
            'x': 0.0,
            'space': 'http://www.onvif.org/ver10/tptz/ZoomSpaces/VelocityGenericSpace'
        }
    },
    'Timeout': None
}
2025-06-24 15:20:42.189 | DEBUG    | ptz_controller:continuous_move:132 - Executing ContinuousMove with request: {
    'ProfileToken': 'MainProfileToken',
    'Velocity': {
        'PanTilt': {
            'x': 0.0,
            'y': 0.14,
            'space': 'http://www.onvif.org/ver10/tptz/PanTiltSpaces/VelocityGenericSpace'
        },
        'Zoom': {
            'x': 0.2,
            'space': 'http://www.onvif.org/ver10/tptz/ZoomSpaces/VelocityGenericSpace'
        }
    },
    'Timeout': None
}
2025-06-24 15:20:42.270 | DEBUG    | ptz_controller:continuous_move:132 - Executing ContinuousMove with request: {
    'ProfileToken': 'MainProfileToken',
    'Velocity': {
        'PanTilt': {
            'x': 0.0,
            'y': 0.14,
            'space': 'http://www.onvif.org/ver10/tptz/PanTiltSpaces/VelocityGenericSpace'
        },
        'Zoom': {
            'x': 0.0,
            'space': 'http://www.onvif.org/ver10/tptz/ZoomSpaces/VelocityGenericSpace'
        }
    },
    'Timeout': None
}
2025-06-24 15:20:42.326 | DEBUG    | ptz_controller:continuous_move:132 - Executing ContinuousMove with request: {
    'ProfileToken': 'MainProfileToken',
    'Velocity': {
        'PanTilt': {
            'x': 0.0,
            'y': 0.15,
            'space': 'http://www.onvif.org/ver10/tptz/PanTiltSpaces/VelocityGenericSpace'
        },
        'Zoom': {
            'x': 0.19,
            'space': 'http://www.onvif.org/ver10/tptz/ZoomSpaces/VelocityGenericSpace'
        }
    },
    'Timeout': None
}
2025-06-24 15:20:42.384 | DEBUG    | ptz_controller:continuous_move:132 - Executing ContinuousMove with request: {
    'ProfileToken': 'MainProfileToken',
    'Velocity': {
        'PanTilt': {
            'x': 0.0,
            'y': 0.16,
            'space': 'http://www.onvif.org/ver10/tptz/PanTiltSpaces/VelocityGenericSpace'
        },
        'Zoom': {
            'x': 0.0,
            'space': 'http://www.onvif.org/ver10/tptz/ZoomSpaces/VelocityGenericSpace'
        }
    },
    'Timeout': None
}
2025-06-24 15:20:42.460 | DEBUG    | ptz_controller:continuous_move:132 - Executing ContinuousMove with request: {
    'ProfileToken': 'MainProfileToken',
    'Velocity': {
        'PanTilt': {
            'x': 0.0,
            'y': 0.18,
            'space': 'http://www.onvif.org/ver10/tptz/PanTiltSpaces/VelocityGenericSpace'
        },
        'Zoom': {
            'x': 0.2,
            'space': 'http://www.onvif.org/ver10/tptz/ZoomSpaces/VelocityGenericSpace'
        }
    },
    'Timeout': None
}
2025-06-24 15:20:42.518 | DEBUG    | ptz_controller:continuous_move:132 - Executing ContinuousMove with request: {
    'ProfileToken': 'MainProfileToken',
    'Velocity': {
        'PanTilt': {
            'x': 0.0,
            'y': 0.19,
            'space': 'http://www.onvif.org/ver10/tptz/PanTiltSpaces/VelocityGenericSpace'
        },
        'Zoom': {
            'x': 0.0,
            'space': 'http://www.onvif.org/ver10/tptz/ZoomSpaces/VelocityGenericSpace'
        }
    },
    'Timeout': None
}
2025-06-24 15:20:42.580 | DEBUG    | ptz_controller:continuous_move:132 - Executing ContinuousMove with request: {
    'ProfileToken': 'MainProfileToken',
    'Velocity': {
        'PanTilt': {
            'x': 0.0,
            'y': 0.21,
            'space': 'http://www.onvif.org/ver10/tptz/PanTiltSpaces/VelocityGenericSpace'
        },
        'Zoom': {
            'x': 0.21,
            'space': 'http://www.onvif.org/ver10/tptz/ZoomSpaces/VelocityGenericSpace'
        }
    },
    'Timeout': None
}
2025-06-24 15:20:42.648 | DEBUG    | ptz_controller:continuous_move:132 - Executing ContinuousMove with request: {
    'ProfileToken': 'MainProfileToken',
    'Velocity': {
        'PanTilt': {
            'x': 0.0,
            'y': 0.22,
            'space': 'http://www.onvif.org/ver10/tptz/PanTiltSpaces/VelocityGenericSpace'
        },
        'Zoom': {
            'x': 0.0,
            'space': 'http://www.onvif.org/ver10/tptz/ZoomSpaces/VelocityGenericSpace'
        }
    },
    'Timeout': None
}
2025-06-24 15:20:42.708 | DEBUG    | ptz_controller:continuous_move:132 - Executing ContinuousMove with request: {
    'ProfileToken': 'MainProfileToken',
    'Velocity': {
        'PanTilt': {
            'x': 0.0,
            'y': 0.23,
            'space': 'http://www.onvif.org/ver10/tptz/PanTiltSpaces/VelocityGenericSpace'
        },
        'Zoom': {
            'x': 0.22,
            'space': 'http://www.onvif.org/ver10/tptz/ZoomSpaces/VelocityGenericSpace'
        }
    },
    'Timeout': None
}
2025-06-24 15:20:42.799 | DEBUG    | ptz_controller:continuous_move:132 - Executing ContinuousMove with request: {
    'ProfileToken': 'MainProfileToken',
    'Velocity': {
        'PanTilt': {
            'x': 0.0,
            'y': 0.23,
            'space': 'http://www.onvif.org/ver10/tptz/PanTiltSpaces/VelocityGenericSpace'
        },
        'Zoom': {
            'x': 0.0,
            'space': 'http://www.onvif.org/ver10/tptz/ZoomSpaces/VelocityGenericSpace'
        }
    },
    'Timeout': None
}
2025-06-24 15:20:42.854 | DEBUG    | ptz_controller:continuous_move:132 - Executing ContinuousMove with request: {
    'ProfileToken': 'MainProfileToken',
    'Velocity': {
        'PanTilt': {
            'x': 0.0,
            'y': 0.22,
            'space': 'http://www.onvif.org/ver10/tptz/PanTiltSpaces/VelocityGenericSpace'
        },
        'Zoom': {
            'x': 0.23,
            'space': 'http://www.onvif.org/ver10/tptz/ZoomSpaces/VelocityGenericSpace'
        }
    },
    'Timeout': None
}
2025-06-24 15:20:42.910 | DEBUG    | ptz_controller:continuous_move:132 - Executing ContinuousMove with request: {
    'ProfileToken': 'MainProfileToken',
    'Velocity': {
        'PanTilt': {
            'x': 0.0,
            'y': 0.21,
            'space': 'http://www.onvif.org/ver10/tptz/PanTiltSpaces/VelocityGenericSpace'
        },
        'Zoom': {
            'x': 0.0,
            'space': 'http://www.onvif.org/ver10/tptz/ZoomSpaces/VelocityGenericSpace'
        }
    },
    'Timeout': None
}
2025-06-24 15:20:42.977 | DEBUG    | ptz_controller:continuous_move:132 - Executing ContinuousMove with request: {
    'ProfileToken': 'MainProfileToken',
    'Velocity': {
        'PanTilt': {
            'x': 0.0,
            'y': 0.21,
            'space': 'http://www.onvif.org/ver10/tptz/PanTiltSpaces/VelocityGenericSpace'
        },
        'Zoom': {
            'x': 0.24,
            'space': 'http://www.onvif.org/ver10/tptz/ZoomSpaces/VelocityGenericSpace'
        }
    },
    'Timeout': None
}
2025-06-24 15:20:43.029 | DEBUG    | ptz_controller:continuous_move:132 - Executing ContinuousMove with request: {
    'ProfileToken': 'MainProfileToken',
    'Velocity': {
        'PanTilt': {
            'x': 0.0,
            'y': 0.19,
            'space': 'http://www.onvif.org/ver10/tptz/PanTiltSpaces/VelocityGenericSpace'
        },
        'Zoom': {
            'x': 0.0,
            'space': 'http://www.onvif.org/ver10/tptz/ZoomSpaces/VelocityGenericSpace'
        }
    },
    'Timeout': None
}
2025-06-24 15:20:43.083 | DEBUG    | ptz_controller:continuous_move:132 - Executing ContinuousMove with request: {
    'ProfileToken': 'MainProfileToken',
    'Velocity': {
        'PanTilt': {
            'x': 0.0,
            'y': 0.18,
            'space': 'http://www.onvif.org/ver10/tptz/PanTiltSpaces/VelocityGenericSpace'
        },
        'Zoom': {
            'x': 0.24,
            'space': 'http://www.onvif.org/ver10/tptz/ZoomSpaces/VelocityGenericSpace'
        }
    },
    'Timeout': None
}
2025-06-24 15:20:43.154 | DEBUG    | ptz_controller:continuous_move:132 - Executing ContinuousMove with request: {
    'ProfileToken': 'MainProfileToken',
    'Velocity': {
        'PanTilt': {
            'x': 0.0,
            'y': 0.15,
            'space': 'http://www.onvif.org/ver10/tptz/PanTiltSpaces/VelocityGenericSpace'
        },
        'Zoom': {
            'x': 0.0,
            'space': 'http://www.onvif.org/ver10/tptz/ZoomSpaces/VelocityGenericSpace'
        }
    },
    'Timeout': None
}
2025-06-24 15:20:43.208 | DEBUG    | ptz_controller:continuous_move:132 - Executing ContinuousMove with request: {
    'ProfileToken': 'MainProfileToken',
    'Velocity': {
        'PanTilt': {
            'x': 0.0,
            'y': 0.14,
            'space': 'http://www.onvif.org/ver10/tptz/PanTiltSpaces/VelocityGenericSpace'
        },
        'Zoom': {
            'x': 0.25,
            'space': 'http://www.onvif.org/ver10/tptz/ZoomSpaces/VelocityGenericSpace'
        }
    },
    'Timeout': None
}
2025-06-24 15:20:43.280 | DEBUG    | ptz_controller:continuous_move:132 - Executing ContinuousMove with request: {
    'ProfileToken': 'MainProfileToken',
    'Velocity': {
        'PanTilt': {
            'x': 0.0,
            'y': 0.12,
            'space': 'http://www.onvif.org/ver10/tptz/PanTiltSpaces/VelocityGenericSpace'
        },
        'Zoom': {
            'x': 0.0,
            'space': 'http://www.onvif.org/ver10/tptz/ZoomSpaces/VelocityGenericSpace'
        }
    },
    'Timeout': None
}
2025-06-24 15:20:43.335 | DEBUG    | ptz_controller:continuous_move:132 - Executing ContinuousMove with request: {
    'ProfileToken': 'MainProfileToken',
    'Velocity': {
        'PanTilt': {
            'x': 0.0,
            'y': 0.0,
            'space': 'http://www.onvif.org/ver10/tptz/PanTiltSpaces/VelocityGenericSpace'
        },
        'Zoom': {
            'x': 0.25,
            'space': 'http://www.onvif.org/ver10/tptz/ZoomSpaces/VelocityGenericSpace'
        }
    },
    'Timeout': None
}
2025-06-24 15:20:43.411 | DEBUG    | ptz_controller:continuous_move:132 - Executing ContinuousMove with request: {
    'ProfileToken': 'MainProfileToken',
    'Velocity': {
        'PanTilt': {
            'x': 0.0,
            'y': 0.0,
            'space': 'http://www.onvif.org/ver10/tptz/PanTiltSpaces/VelocityGenericSpace'
        },
        'Zoom': {
            'x': 0.0,
            'space': 'http://www.onvif.org/ver10/tptz/ZoomSpaces/VelocityGenericSpace'
        }
    },
    'Timeout': None
}
2025-06-24 15:20:43.466 | DEBUG    | ptz_controller:continuous_move:132 - Executing ContinuousMove with request: {
    'ProfileToken': 'MainProfileToken',
    'Velocity': {
        'PanTilt': {
            'x': 0.0,
            'y': 0.0,
            'space': 'http://www.onvif.org/ver10/tptz/PanTiltSpaces/VelocityGenericSpace'
        },
        'Zoom': {
            'x': 0.25,
            'space': 'http://www.onvif.org/ver10/tptz/ZoomSpaces/VelocityGenericSpace'
        }
    },
    'Timeout': None
}
2025-06-24 15:20:43.519 | DEBUG    | ptz_controller:continuous_move:132 - Executing ContinuousMove with request: {
    'ProfileToken': 'MainProfileToken',
    'Velocity': {
        'PanTilt': {
            'x': 0.0,
            'y': 0.0,
            'space': 'http://www.onvif.org/ver10/tptz/PanTiltSpaces/VelocityGenericSpace'
        },
        'Zoom': {
            'x': 0.0,
            'space': 'http://www.onvif.org/ver10/tptz/ZoomSpaces/VelocityGenericSpace'
        }
    },
    'Timeout': None
}
2025-06-24 15:20:43.576 | DEBUG    | ptz_controller:continuous_move:132 - Executing ContinuousMove with request: {
    'ProfileToken': 'MainProfileToken',
    'Velocity': {
        'PanTilt': {
            'x': 0.0,
            'y': 0.0,
            'space': 'http://www.onvif.org/ver10/tptz/PanTiltSpaces/VelocityGenericSpace'
        },
        'Zoom': {
            'x': 0.25,
            'space': 'http://www.onvif.org/ver10/tptz/ZoomSpaces/VelocityGenericSpace'
        }
    },
    'Timeout': None
}
2025-06-24 15:20:43.630 | DEBUG    | ptz_controller:continuous_move:132 - Executing ContinuousMove with request: {
    'ProfileToken': 'MainProfileToken',
    'Velocity': {
        'PanTilt': {
            'x': 0.0,
            'y': 0.0,
            'space': 'http://www.onvif.org/ver10/tptz/PanTiltSpaces/VelocityGenericSpace'
        },
        'Zoom': {
            'x': 0.0,
            'space': 'http://www.onvif.org/ver10/tptz/ZoomSpaces/VelocityGenericSpace'
        }
    },
    'Timeout': None
}
2025-06-24 15:20:43.684 | DEBUG    | ptz_controller:continuous_move:132 - Executing ContinuousMove with request: {
    'ProfileToken': 'MainProfileToken',
    'Velocity': {
        'PanTilt': {
            'x': 0.0,
            'y': 0.0,
            'space': 'http://www.onvif.org/ver10/tptz/PanTiltSpaces/VelocityGenericSpace'
        },
        'Zoom': {
            'x': 0.25,
            'space': 'http://www.onvif.org/ver10/tptz/ZoomSpaces/VelocityGenericSpace'
        }
    },
    'Timeout': None
}
2025-06-24 15:20:43.759 | DEBUG    | ptz_controller:continuous_move:132 - Executing ContinuousMove with request: {
    'ProfileToken': 'MainProfileToken',
    'Velocity': {
        'PanTilt': {
            'x': 0.0,
            'y': 0.0,
            'space': 'http://www.onvif.org/ver10/tptz/PanTiltSpaces/VelocityGenericSpace'
        },
        'Zoom': {
            'x': 0.0,
            'space': 'http://www.onvif.org/ver10/tptz/ZoomSpaces/VelocityGenericSpace'
        }
    },
    'Timeout': None
}
2025-06-24 15:20:43.815 | DEBUG    | ptz_controller:continuous_move:132 - Executing ContinuousMove with request: {
    'ProfileToken': 'MainProfileToken',
    'Velocity': {
        'PanTilt': {
            'x': 0.0,
            'y': 0.0,
            'space': 'http://www.onvif.org/ver10/tptz/PanTiltSpaces/VelocityGenericSpace'
        },
        'Zoom': {
            'x': 0.25,
            'space': 'http://www.onvif.org/ver10/tptz/ZoomSpaces/VelocityGenericSpace'
        }
    },
    'Timeout': None
}
2025-06-24 15:20:43.867 | DEBUG    | ptz_controller:continuous_move:132 - Executing ContinuousMove with request: {
    'ProfileToken': 'MainProfileToken',
    'Velocity': {
        'PanTilt': {
            'x': 0.0,
            'y': 0.0,
            'space': 'http://www.onvif.org/ver10/tptz/PanTiltSpaces/VelocityGenericSpace'
        },
        'Zoom': {
            'x': 0.0,
            'space': 'http://www.onvif.org/ver10/tptz/ZoomSpaces/VelocityGenericSpace'
        }
    },
    'Timeout': None
}
2025-06-24 15:20:43.929 | DEBUG    | ptz_controller:continuous_move:132 - Executing ContinuousMove with request: {
    'ProfileToken': 'MainProfileToken',
    'Velocity': {
        'PanTilt': {
            'x': 0.0,
            'y': 0.0,
            'space': 'http://www.onvif.org/ver10/tptz/PanTiltSpaces/VelocityGenericSpace'
        },
        'Zoom': {
            'x': 0.25,
            'space': 'http://www.onvif.org/ver10/tptz/ZoomSpaces/VelocityGenericSpace'
        }
    },
    'Timeout': None
}
2025-06-24 15:20:43.985 | DEBUG    | ptz_controller:continuous_move:132 - Executing ContinuousMove with request: {
    'ProfileToken': 'MainProfileToken',
    'Velocity': {
        'PanTilt': {
            'x': 0.0,
            'y': 0.0,
            'space': 'http://www.onvif.org/ver10/tptz/PanTiltSpaces/VelocityGenericSpace'
        },
        'Zoom': {
            'x': 0.0,
            'space': 'http://www.onvif.org/ver10/tptz/ZoomSpaces/VelocityGenericSpace'
        }
    },
    'Timeout': None
}
2025-06-24 15:20:44.044 | DEBUG    | ptz_controller:continuous_move:132 - Executing ContinuousMove with request: {
    'ProfileToken': 'MainProfileToken',
    'Velocity': {
        'PanTilt': {
            'x': 0.0,
            'y': 0.0,
            'space': 'http://www.onvif.org/ver10/tptz/PanTiltSpaces/VelocityGenericSpace'
        },
        'Zoom': {
            'x': 0.25,
            'space': 'http://www.onvif.org/ver10/tptz/ZoomSpaces/VelocityGenericSpace'
        }
    },
    'Timeout': None
}
2025-06-24 15:20:44.097 | DEBUG    | ptz_controller:continuous_move:132 - Executing ContinuousMove with request: {
    'ProfileToken': 'MainProfileToken',
    'Velocity': {
        'PanTilt': {
            'x': 0.0,
            'y': 0.0,
            'space': 'http://www.onvif.org/ver10/tptz/PanTiltSpaces/VelocityGenericSpace'
        },
        'Zoom': {
            'x': 0.0,
            'space': 'http://www.onvif.org/ver10/tptz/ZoomSpaces/VelocityGenericSpace'
        }
    },
    'Timeout': None
}
2025-06-24 15:20:44.151 | DEBUG    | ptz_controller:continuous_move:132 - Executing ContinuousMove with request: {
    'ProfileToken': 'MainProfileToken',
    'Velocity': {
        'PanTilt': {
            'x': 0.0,
            'y': 0.0,
            'space': 'http://www.onvif.org/ver10/tptz/PanTiltSpaces/VelocityGenericSpace'
        },
        'Zoom': {
            'x': 0.24,
            'space': 'http://www.onvif.org/ver10/tptz/ZoomSpaces/VelocityGenericSpace'
        }
    },
    'Timeout': None
}
2025-06-24 15:20:44.206 | DEBUG    | ptz_controller:continuous_move:132 - Executing ContinuousMove with request: {
    'ProfileToken': 'MainProfileToken',
    'Velocity': {
        'PanTilt': {
            'x': -0.1,
            'y': 0.0,
            'space': 'http://www.onvif.org/ver10/tptz/PanTiltSpaces/VelocityGenericSpace'
        },
        'Zoom': {
            'x': 0.0,
            'space': 'http://www.onvif.org/ver10/tptz/ZoomSpaces/VelocityGenericSpace'
        }
    },
    'Timeout': None
}
2025-06-24 15:20:44.260 | DEBUG    | ptz_controller:continuous_move:132 - Executing ContinuousMove with request: {
    'ProfileToken': 'MainProfileToken',
    'Velocity': {
        'PanTilt': {
            'x': -0.11,
            'y': 0.0,
            'space': 'http://www.onvif.org/ver10/tptz/PanTiltSpaces/VelocityGenericSpace'
        },
        'Zoom': {
            'x': 0.22,
            'space': 'http://www.onvif.org/ver10/tptz/ZoomSpaces/VelocityGenericSpace'
        }
    },
    'Timeout': None
}
2025-06-24 15:20:44.324 | DEBUG    | ptz_controller:continuous_move:132 - Executing ContinuousMove with request: {
    'ProfileToken': 'MainProfileToken',
    'Velocity': {
        'PanTilt': {
            'x': -0.12,
            'y': 0.0,
            'space': 'http://www.onvif.org/ver10/tptz/PanTiltSpaces/VelocityGenericSpace'
        },
        'Zoom': {
            'x': 0.0,
            'space': 'http://www.onvif.org/ver10/tptz/ZoomSpaces/VelocityGenericSpace'
        }
    },
    'Timeout': None
}
2025-06-24 15:20:44.374 | DEBUG    | ptz_controller:continuous_move:132 - Executing ContinuousMove with request: {
    'ProfileToken': 'MainProfileToken',
    'Velocity': {
        'PanTilt': {
            'x': -0.12,
            'y': 0.0,
            'space': 'http://www.onvif.org/ver10/tptz/PanTiltSpaces/VelocityGenericSpace'
        },
        'Zoom': {
            'x': 0.21,
            'space': 'http://www.onvif.org/ver10/tptz/ZoomSpaces/VelocityGenericSpace'
        }
    },
    'Timeout': None
}
2025-06-24 15:20:44.425 | DEBUG    | ptz_controller:continuous_move:132 - Executing ContinuousMove with request: {
    'ProfileToken': 'MainProfileToken',
    'Velocity': {
        'PanTilt': {
            'x': -0.13,
            'y': 0.0,
            'space': 'http://www.onvif.org/ver10/tptz/PanTiltSpaces/VelocityGenericSpace'
        },
        'Zoom': {
            'x': 0.0,
            'space': 'http://www.onvif.org/ver10/tptz/ZoomSpaces/VelocityGenericSpace'
        }
    },
    'Timeout': None
}
2025-06-24 15:20:44.477 | DEBUG    | ptz_controller:continuous_move:132 - Executing ContinuousMove with request: {
    'ProfileToken': 'MainProfileToken',
    'Velocity': {
        'PanTilt': {
            'x': -0.14,
            'y': 0.0,
            'space': 'http://www.onvif.org/ver10/tptz/PanTiltSpaces/VelocityGenericSpace'
        },
        'Zoom': {
            'x': 0.2,
            'space': 'http://www.onvif.org/ver10/tptz/ZoomSpaces/VelocityGenericSpace'
        }
    },
    'Timeout': None
}
2025-06-24 15:20:44.526 | DEBUG    | ptz_controller:continuous_move:132 - Executing ContinuousMove with request: {
    'ProfileToken': 'MainProfileToken',
    'Velocity': {
        'PanTilt': {
            'x': -0.15,
            'y': 0.0,
            'space': 'http://www.onvif.org/ver10/tptz/PanTiltSpaces/VelocityGenericSpace'
        },
        'Zoom': {
            'x': 0.0,
            'space': 'http://www.onvif.org/ver10/tptz/ZoomSpaces/VelocityGenericSpace'
        }
    },
    'Timeout': None
}
2025-06-24 15:20:44.579 | DEBUG    | ptz_controller:continuous_move:132 - Executing ContinuousMove with request: {
    'ProfileToken': 'MainProfileToken',
    'Velocity': {
        'PanTilt': {
            'x': -0.15,
            'y': 0.0,
            'space': 'http://www.onvif.org/ver10/tptz/PanTiltSpaces/VelocityGenericSpace'
        },
        'Zoom': {
            'x': 0.19,
            'space': 'http://www.onvif.org/ver10/tptz/ZoomSpaces/VelocityGenericSpace'
        }
    },
    'Timeout': None
}
2025-06-24 15:20:44.632 | DEBUG    | ptz_controller:continuous_move:132 - Executing ContinuousMove with request: {
    'ProfileToken': 'MainProfileToken',
    'Velocity': {
        'PanTilt': {
            'x': -0.16,
            'y': 0.0,
            'space': 'http://www.onvif.org/ver10/tptz/PanTiltSpaces/VelocityGenericSpace'
        },
        'Zoom': {
            'x': 0.0,
            'space': 'http://www.onvif.org/ver10/tptz/ZoomSpaces/VelocityGenericSpace'
        }
    },
    'Timeout': None
}
2025-06-24 15:20:44.685 | DEBUG    | ptz_controller:continuous_move:132 - Executing ContinuousMove with request: {
    'ProfileToken': 'MainProfileToken',
    'Velocity': {
        'PanTilt': {
            'x': -0.16,
            'y': 0.0,
            'space': 'http://www.onvif.org/ver10/tptz/PanTiltSpaces/VelocityGenericSpace'
        },
        'Zoom': {
            'x': 0.17,
            'space': 'http://www.onvif.org/ver10/tptz/ZoomSpaces/VelocityGenericSpace'
        }
    },
    'Timeout': None
}
2025-06-24 15:20:44.759 | DEBUG    | ptz_controller:continuous_move:132 - Executing ContinuousMove with request: {
    'ProfileToken': 'MainProfileToken',
    'Velocity': {
        'PanTilt': {
            'x': -0.16,
            'y': 0.0,
            'space': 'http://www.onvif.org/ver10/tptz/PanTiltSpaces/VelocityGenericSpace'
        },
        'Zoom': {
            'x': 0.0,
            'space': 'http://www.onvif.org/ver10/tptz/ZoomSpaces/VelocityGenericSpace'
        }
    },
    'Timeout': None
}
2025-06-24 15:20:44.813 | DEBUG    | ptz_controller:continuous_move:132 - Executing ContinuousMove with request: {
    'ProfileToken': 'MainProfileToken',
    'Velocity': {
        'PanTilt': {
            'x': -0.16,
            'y': 0.0,
            'space': 'http://www.onvif.org/ver10/tptz/PanTiltSpaces/VelocityGenericSpace'
        },
        'Zoom': {
            'x': 0.15,
            'space': 'http://www.onvif.org/ver10/tptz/ZoomSpaces/VelocityGenericSpace'
        }
    },
    'Timeout': None
}
2025-06-24 15:20:44.866 | DEBUG    | ptz_controller:continuous_move:132 - Executing ContinuousMove with request: {
    'ProfileToken': 'MainProfileToken',
    'Velocity': {
        'PanTilt': {
            'x': -0.16,
            'y': 0.0,
            'space': 'http://www.onvif.org/ver10/tptz/PanTiltSpaces/VelocityGenericSpace'
        },
        'Zoom': {
            'x': 0.0,
            'space': 'http://www.onvif.org/ver10/tptz/ZoomSpaces/VelocityGenericSpace'
        }
    },
    'Timeout': None
}
2025-06-24 15:20:44.919 | DEBUG    | ptz_controller:continuous_move:132 - Executing ContinuousMove with request: {
    'ProfileToken': 'MainProfileToken',
    'Velocity': {
        'PanTilt': {
            'x': -0.17,
            'y': 0.0,
            'space': 'http://www.onvif.org/ver10/tptz/PanTiltSpaces/VelocityGenericSpace'
        },
        'Zoom': {
            'x': 0.13,
            'space': 'http://www.onvif.org/ver10/tptz/ZoomSpaces/VelocityGenericSpace'
        }
    },
    'Timeout': None
}
2025-06-24 15:20:44.975 | DEBUG    | ptz_controller:continuous_move:132 - Executing ContinuousMove with request: {
    'ProfileToken': 'MainProfileToken',
    'Velocity': {
        'PanTilt': {
            'x': -0.17,
            'y': 0.0,
            'space': 'http://www.onvif.org/ver10/tptz/PanTiltSpaces/VelocityGenericSpace'
        },
        'Zoom': {
            'x': 0.0,
            'space': 'http://www.onvif.org/ver10/tptz/ZoomSpaces/VelocityGenericSpace'
        }
    },
    'Timeout': None
}
2025-06-24 15:20:45.053 | DEBUG    | ptz_controller:continuous_move:132 - Executing ContinuousMove with request: {
    'ProfileToken': 'MainProfileToken',
    'Velocity': {
        'PanTilt': {
            'x': -0.18,
            'y': 0.0,
            'space': 'http://www.onvif.org/ver10/tptz/PanTiltSpaces/VelocityGenericSpace'
        },
        'Zoom': {
            'x': 0.1,
            'space': 'http://www.onvif.org/ver10/tptz/ZoomSpaces/VelocityGenericSpace'
        }
    },
    'Timeout': None
}
2025-06-24 15:20:45.110 | DEBUG    | ptz_controller:continuous_move:132 - Executing ContinuousMove with request: {
    'ProfileToken': 'MainProfileToken',
    'Velocity': {
        'PanTilt': {
            'x': -0.19,
            'y': 0.11,
            'space': 'http://www.onvif.org/ver10/tptz/PanTiltSpaces/VelocityGenericSpace'
        },
        'Zoom': {
            'x': 0.0,
            'space': 'http://www.onvif.org/ver10/tptz/ZoomSpaces/VelocityGenericSpace'
        }
    },
    'Timeout': None
}
2025-06-24 15:20:45.219 | DEBUG    | ptz_controller:continuous_move:132 - Executing ContinuousMove with request: {
    'ProfileToken': 'MainProfileToken',
    'Velocity': {
        'PanTilt': {
            'x': -0.2,
            'y': 0.13,
            'space': 'http://www.onvif.org/ver10/tptz/PanTiltSpaces/VelocityGenericSpace'
        },
        'Zoom': {
            'x': 0.0,
            'space': 'http://www.onvif.org/ver10/tptz/ZoomSpaces/VelocityGenericSpace'
        }
    },
    'Timeout': None
}
2025-06-24 15:20:45.272 | DEBUG    | ptz_controller:continuous_move:132 - Executing ContinuousMove with request: {
    'ProfileToken': 'MainProfileToken',
    'Velocity': {
        'PanTilt': {
            'x': -0.2,
            'y': 0.12,
            'space': 'http://www.onvif.org/ver10/tptz/PanTiltSpaces/VelocityGenericSpace'
        },
        'Zoom': {
            'x': 0.0,
            'space': 'http://www.onvif.org/ver10/tptz/ZoomSpaces/VelocityGenericSpace'
        }
    },
    'Timeout': None
}
2025-06-24 15:20:45.438 | DEBUG    | ptz_controller:continuous_move:132 - Executing ContinuousMove with request: {
    'ProfileToken': 'MainProfileToken',
    'Velocity': {
        'PanTilt': {
            'x': -0.22,
            'y': 0.11,
            'space': 'http://www.onvif.org/ver10/tptz/PanTiltSpaces/VelocityGenericSpace'
        },
        'Zoom': {
            'x': 0.0,
            'space': 'http://www.onvif.org/ver10/tptz/ZoomSpaces/VelocityGenericSpace'
        }
    },
    'Timeout': None
}
2025-06-24 15:20:45.543 | DEBUG    | ptz_controller:continuous_move:132 - Executing ContinuousMove with request: {
    'ProfileToken': 'MainProfileToken',
    'Velocity': {
        'PanTilt': {
            'x': -0.22,
            'y': 0.0,
            'space': 'http://www.onvif.org/ver10/tptz/PanTiltSpaces/VelocityGenericSpace'
        },
        'Zoom': {
            'x': 0.0,
            'space': 'http://www.onvif.org/ver10/tptz/ZoomSpaces/VelocityGenericSpace'
        }
    },
    'Timeout': None
}
2025-06-24 15:20:45.762 | DEBUG    | ptz_controller:continuous_move:132 - Executing ContinuousMove with request: {
    'ProfileToken': 'MainProfileToken',
    'Velocity': {
        'PanTilt': {
            'x': -0.23,
            'y': 0.0,
            'space': 'http://www.onvif.org/ver10/tptz/PanTiltSpaces/VelocityGenericSpace'
        },
        'Zoom': {
            'x': 0.0,
            'space': 'http://www.onvif.org/ver10/tptz/ZoomSpaces/VelocityGenericSpace'
        }
    },
    'Timeout': None
}
2025-06-24 15:20:45.817 | DEBUG    | ptz_controller:continuous_move:132 - Executing ContinuousMove with request: {
    'ProfileToken': 'MainProfileToken',
    'Velocity': {
        'PanTilt': {
            'x': -0.22,
            'y': 0.0,
            'space': 'http://www.onvif.org/ver10/tptz/PanTiltSpaces/VelocityGenericSpace'
        },
        'Zoom': {
            'x': 0.0,
            'space': 'http://www.onvif.org/ver10/tptz/ZoomSpaces/VelocityGenericSpace'
        }
    },
    'Timeout': None
}
2025-06-24 15:20:45.873 | DEBUG    | ptz_controller:continuous_move:132 - Executing ContinuousMove with request: {
    'ProfileToken': 'MainProfileToken',
    'Velocity': {
        'PanTilt': {
            'x': -0.23,
            'y': 0.0,
            'space': 'http://www.onvif.org/ver10/tptz/PanTiltSpaces/VelocityGenericSpace'
        },
        'Zoom': {
            'x': 0.0,
            'space': 'http://www.onvif.org/ver10/tptz/ZoomSpaces/VelocityGenericSpace'
        }
    },
    'Timeout': None
}
2025-06-24 15:20:45.928 | DEBUG    | ptz_controller:continuous_move:132 - Executing ContinuousMove with request: {
    'ProfileToken': 'MainProfileToken',
    'Velocity': {
        'PanTilt': {
            'x': -0.22,
            'y': 0.0,
            'space': 'http://www.onvif.org/ver10/tptz/PanTiltSpaces/VelocityGenericSpace'
        },
        'Zoom': {
            'x': 0.0,
            'space': 'http://www.onvif.org/ver10/tptz/ZoomSpaces/VelocityGenericSpace'
        }
    },
    'Timeout': None
}
2025-06-24 15:20:45.984 | DEBUG    | ptz_controller:continuous_move:132 - Executing ContinuousMove with request: {
    'ProfileToken': 'MainProfileToken',
    'Velocity': {
        'PanTilt': {
            'x': -0.21,
            'y': 0.0,
            'space': 'http://www.onvif.org/ver10/tptz/PanTiltSpaces/VelocityGenericSpace'
        },
        'Zoom': {
            'x': 0.0,
            'space': 'http://www.onvif.org/ver10/tptz/ZoomSpaces/VelocityGenericSpace'
        }
    },
    'Timeout': None
}
2025-06-24 15:20:46.371 | DEBUG    | ptz_controller:continuous_move:132 - Executing ContinuousMove with request: {
    'ProfileToken': 'MainProfileToken',
    'Velocity': {
        'PanTilt': {
            'x': -0.2,
            'y': 0.11,
            'space': 'http://www.onvif.org/ver10/tptz/PanTiltSpaces/VelocityGenericSpace'
        },
        'Zoom': {
            'x': -0.06,
            'space': 'http://www.onvif.org/ver10/tptz/ZoomSpaces/VelocityGenericSpace'
        }
    },
    'Timeout': None
}
2025-06-24 15:20:46.431 | DEBUG    | ptz_controller:continuous_move:132 - Executing ContinuousMove with request: {
    'ProfileToken': 'MainProfileToken',
    'Velocity': {
        'PanTilt': {
            'x': -0.18,
            'y': 0.13,
            'space': 'http://www.onvif.org/ver10/tptz/PanTiltSpaces/VelocityGenericSpace'
        },
        'Zoom': {
            'x': 0.0,
            'space': 'http://www.onvif.org/ver10/tptz/ZoomSpaces/VelocityGenericSpace'
        }
    },
    'Timeout': None
}
2025-06-24 15:20:46.488 | DEBUG    | ptz_controller:continuous_move:132 - Executing ContinuousMove with request: {
    'ProfileToken': 'MainProfileToken',
    'Velocity': {
        'PanTilt': {
            'x': -0.16,
            'y': 0.13,
            'space': 'http://www.onvif.org/ver10/tptz/PanTiltSpaces/VelocityGenericSpace'
        },
        'Zoom': {
            'x': -0.09,
            'space': 'http://www.onvif.org/ver10/tptz/ZoomSpaces/VelocityGenericSpace'
        }
    },
    'Timeout': None
}
2025-06-24 15:20:46.542 | DEBUG    | ptz_controller:continuous_move:132 - Executing ContinuousMove with request: {
    'ProfileToken': 'MainProfileToken',
    'Velocity': {
        'PanTilt': {
            'x': -0.15,
            'y': 0.13,
            'space': 'http://www.onvif.org/ver10/tptz/PanTiltSpaces/VelocityGenericSpace'
        },
        'Zoom': {
            'x': 0.0,
            'space': 'http://www.onvif.org/ver10/tptz/ZoomSpaces/VelocityGenericSpace'
        }
    },
    'Timeout': None
}
2025-06-24 15:20:46.594 | DEBUG    | ptz_controller:continuous_move:132 - Executing ContinuousMove with request: {
    'ProfileToken': 'MainProfileToken',
    'Velocity': {
        'PanTilt': {
            'x': -0.14,
            'y': 0.13,
            'space': 'http://www.onvif.org/ver10/tptz/PanTiltSpaces/VelocityGenericSpace'
        },
        'Zoom': {
            'x': -0.09,
            'space': 'http://www.onvif.org/ver10/tptz/ZoomSpaces/VelocityGenericSpace'
        }
    },
    'Timeout': None
}
2025-06-24 15:20:46.647 | DEBUG    | ptz_controller:continuous_move:132 - Executing ContinuousMove with request: {
    'ProfileToken': 'MainProfileToken',
    'Velocity': {
        'PanTilt': {
            'x': -0.12,
            'y': 0.12,
            'space': 'http://www.onvif.org/ver10/tptz/PanTiltSpaces/VelocityGenericSpace'
        },
        'Zoom': {
            'x': 0.0,
            'space': 'http://www.onvif.org/ver10/tptz/ZoomSpaces/VelocityGenericSpace'
        }
    },
    'Timeout': None
}
2025-06-24 15:20:46.713 | DEBUG    | ptz_controller:continuous_move:132 - Executing ContinuousMove with request: {
    'ProfileToken': 'MainProfileToken',
    'Velocity': {
        'PanTilt': {
            'x': -0.11,
            'y': 0.13,
            'space': 'http://www.onvif.org/ver10/tptz/PanTiltSpaces/VelocityGenericSpace'
        },
        'Zoom': {
            'x': -0.09,
            'space': 'http://www.onvif.org/ver10/tptz/ZoomSpaces/VelocityGenericSpace'
        }
    },
    'Timeout': None
}
2025-06-24 15:20:46.803 | DEBUG    | ptz_controller:continuous_move:132 - Executing ContinuousMove with request: {
    'ProfileToken': 'MainProfileToken',
    'Velocity': {
        'PanTilt': {
            'x': 0.0,
            'y': 0.12,
            'space': 'http://www.onvif.org/ver10/tptz/PanTiltSpaces/VelocityGenericSpace'
        },
        'Zoom': {
            'x': 0.0,
            'space': 'http://www.onvif.org/ver10/tptz/ZoomSpaces/VelocityGenericSpace'
        }
    },
    'Timeout': None
}
2025-06-24 15:20:46.871 | DEBUG    | ptz_controller:continuous_move:132 - Executing ContinuousMove with request: {
    'ProfileToken': 'MainProfileToken',
    'Velocity': {
        'PanTilt': {
            'x': 0.0,
            'y': 0.11,
            'space': 'http://www.onvif.org/ver10/tptz/PanTiltSpaces/VelocityGenericSpace'
        },
        'Zoom': {
            'x': -0.07,
            'space': 'http://www.onvif.org/ver10/tptz/ZoomSpaces/VelocityGenericSpace'
        }
    },
    'Timeout': None
}
2025-06-24 15:20:46.924 | DEBUG    | ptz_controller:continuous_move:132 - Executing ContinuousMove with request: {
    'ProfileToken': 'MainProfileToken',
    'Velocity': {
        'PanTilt': {
            'x': 0.0,
            'y': 0.0,
            'space': 'http://www.onvif.org/ver10/tptz/PanTiltSpaces/VelocityGenericSpace'
        },
        'Zoom': {
            'x': 0.0,
            'space': 'http://www.onvif.org/ver10/tptz/ZoomSpaces/VelocityGenericSpace'
        }
    },
    'Timeout': None
}
2025-06-24 15:20:47.553 | DEBUG    | ptz_controller:continuous_move:132 - Executing ContinuousMove with request: {
    'ProfileToken': 'MainProfileToken',
    'Velocity': {
        'PanTilt': {
            'x': 0.0,
            'y': 0.0,
            'space': 'http://www.onvif.org/ver10/tptz/PanTiltSpaces/VelocityGenericSpace'
        },
        'Zoom': {
            'x': -0.06,
            'space': 'http://www.onvif.org/ver10/tptz/ZoomSpaces/VelocityGenericSpace'
        }
    },
    'Timeout': None
}
2025-06-24 15:20:47.609 | DEBUG    | ptz_controller:continuous_move:132 - Executing ContinuousMove with request: {
    'ProfileToken': 'MainProfileToken',
    'Velocity': {
        'PanTilt': {
            'x': 0.0,
            'y': 0.0,
            'space': 'http://www.onvif.org/ver10/tptz/PanTiltSpaces/VelocityGenericSpace'
        },
        'Zoom': {
            'x': 0.0,
            'space': 'http://www.onvif.org/ver10/tptz/ZoomSpaces/VelocityGenericSpace'
        }
    },
    'Timeout': None
}
2025-06-24 15:20:47.667 | DEBUG    | ptz_controller:continuous_move:132 - Executing ContinuousMove with request: {
    'ProfileToken': 'MainProfileToken',
    'Velocity': {
        'PanTilt': {
            'x': 0.0,
            'y': 0.0,
            'space': 'http://www.onvif.org/ver10/tptz/PanTiltSpaces/VelocityGenericSpace'
        },
        'Zoom': {
            'x': -0.07,
            'space': 'http://www.onvif.org/ver10/tptz/ZoomSpaces/VelocityGenericSpace'
        }
    },
    'Timeout': None
}
2025-06-24 15:20:47.718 | DEBUG    | ptz_controller:continuous_move:132 - Executing ContinuousMove with request: {
    'ProfileToken': 'MainProfileToken',
    'Velocity': {
        'PanTilt': {
            'x': 0.0,
            'y': 0.0,
            'space': 'http://www.onvif.org/ver10/tptz/PanTiltSpaces/VelocityGenericSpace'
        },
        'Zoom': {
            'x': 0.0,
            'space': 'http://www.onvif.org/ver10/tptz/ZoomSpaces/VelocityGenericSpace'
        }
    },
    'Timeout': None
}
2025-06-24 15:20:47.789 | DEBUG    | ptz_controller:continuous_move:132 - Executing ContinuousMove with request: {
    'ProfileToken': 'MainProfileToken',
    'Velocity': {
        'PanTilt': {
            'x': 0.0,
            'y': 0.0,
            'space': 'http://www.onvif.org/ver10/tptz/PanTiltSpaces/VelocityGenericSpace'
        },
        'Zoom': {
            'x': -0.06,
            'space': 'http://www.onvif.org/ver10/tptz/ZoomSpaces/VelocityGenericSpace'
        }
    },
    'Timeout': None
}
2025-06-24 15:20:47.840 | DEBUG    | ptz_controller:continuous_move:132 - Executing ContinuousMove with request: {
    'ProfileToken': 'MainProfileToken',
    'Velocity': {
        'PanTilt': {
            'x': 0.0,
            'y': 0.0,
            'space': 'http://www.onvif.org/ver10/tptz/PanTiltSpaces/VelocityGenericSpace'
        },
        'Zoom': {
            'x': 0.0,
            'space': 'http://www.onvif.org/ver10/tptz/ZoomSpaces/VelocityGenericSpace'
        }
    },
    'Timeout': None
}
2025-06-24 15:20:47.890 | DEBUG    | ptz_controller:continuous_move:132 - Executing ContinuousMove with request: {
    'ProfileToken': 'MainProfileToken',
    'Velocity': {
        'PanTilt': {
            'x': 0.0,
            'y': 0.0,
            'space': 'http://www.onvif.org/ver10/tptz/PanTiltSpaces/VelocityGenericSpace'
        },
        'Zoom': {
            'x': -0.07,
            'space': 'http://www.onvif.org/ver10/tptz/ZoomSpaces/VelocityGenericSpace'
        }
    },
    'Timeout': None
}
2025-06-24 15:20:47.943 | DEBUG    | ptz_controller:continuous_move:132 - Executing ContinuousMove with request: {
    'ProfileToken': 'MainProfileToken',
    'Velocity': {
        'PanTilt': {
            'x': 0.0,
            'y': 0.0,
            'space': 'http://www.onvif.org/ver10/tptz/PanTiltSpaces/VelocityGenericSpace'
        },
        'Zoom': {
            'x': 0.0,
            'space': 'http://www.onvif.org/ver10/tptz/ZoomSpaces/VelocityGenericSpace'
        }
    },
    'Timeout': None
}
2025-06-24 15:20:47.994 | DEBUG    | ptz_controller:continuous_move:132 - Executing ContinuousMove with request: {
    'ProfileToken': 'MainProfileToken',
    'Velocity': {
        'PanTilt': {
            'x': 0.0,
            'y': 0.0,
            'space': 'http://www.onvif.org/ver10/tptz/PanTiltSpaces/VelocityGenericSpace'
        },
        'Zoom': {
            'x': -0.06,
            'space': 'http://www.onvif.org/ver10/tptz/ZoomSpaces/VelocityGenericSpace'
        }
    },
    'Timeout': None
}
2025-06-24 15:20:48.048 | DEBUG    | ptz_controller:continuous_move:132 - Executing ContinuousMove with request: {
    'ProfileToken': 'MainProfileToken',
    'Velocity': {
        'PanTilt': {
            'x': 0.0,
            'y': 0.0,
            'space': 'http://www.onvif.org/ver10/tptz/PanTiltSpaces/VelocityGenericSpace'
        },
        'Zoom': {
            'x': 0.0,
            'space': 'http://www.onvif.org/ver10/tptz/ZoomSpaces/VelocityGenericSpace'
        }
    },
    'Timeout': None
}
2025-06-24 15:20:48.148 | DEBUG    | ptz_controller:continuous_move:132 - Executing ContinuousMove with request: {
    'ProfileToken': 'MainProfileToken',
    'Velocity': {
        'PanTilt': {
            'x': 0.0,
            'y': -0.11,
            'space': 'http://www.onvif.org/ver10/tptz/PanTiltSpaces/VelocityGenericSpace'
        },
        'Zoom': {
            'x': 0.0,
            'space': 'http://www.onvif.org/ver10/tptz/ZoomSpaces/VelocityGenericSpace'
        }
    },
    'Timeout': None
}
2025-06-24 15:20:48.247 | DEBUG    | ptz_controller:continuous_move:132 - Executing ContinuousMove with request: {
    'ProfileToken': 'MainProfileToken',
    'Velocity': {
        'PanTilt': {
            'x': -0.1,
            'y': -0.12,
            'space': 'http://www.onvif.org/ver10/tptz/PanTiltSpaces/VelocityGenericSpace'
        },
        'Zoom': {
            'x': 0.0,
            'space': 'http://www.onvif.org/ver10/tptz/ZoomSpaces/VelocityGenericSpace'
        }
    },
    'Timeout': None
}
2025-06-24 15:20:48.298 | DEBUG    | ptz_controller:continuous_move:132 - Executing ContinuousMove with request: {
    'ProfileToken': 'MainProfileToken',
    'Velocity': {
        'PanTilt': {
            'x': -0.11,
            'y': -0.13,
            'space': 'http://www.onvif.org/ver10/tptz/PanTiltSpaces/VelocityGenericSpace'
        },
        'Zoom': {
            'x': 0.0,
            'space': 'http://www.onvif.org/ver10/tptz/ZoomSpaces/VelocityGenericSpace'
        }
    },
    'Timeout': None
}
2025-06-24 15:20:48.348 | DEBUG    | ptz_controller:continuous_move:132 - Executing ContinuousMove with request: {
    'ProfileToken': 'MainProfileToken',
    'Velocity': {
        'PanTilt': {
            'x': -0.12,
            'y': -0.14,
            'space': 'http://www.onvif.org/ver10/tptz/PanTiltSpaces/VelocityGenericSpace'
        },
        'Zoom': {
            'x': 0.0,
            'space': 'http://www.onvif.org/ver10/tptz/ZoomSpaces/VelocityGenericSpace'
        }
    },
    'Timeout': None
}
2025-06-24 15:20:48.453 | DEBUG    | ptz_controller:continuous_move:132 - Executing ContinuousMove with request: {
    'ProfileToken': 'MainProfileToken',
    'Velocity': {
        'PanTilt': {
            'x': -0.13,
            'y': -0.14,
            'space': 'http://www.onvif.org/ver10/tptz/PanTiltSpaces/VelocityGenericSpace'
        },
        'Zoom': {
            'x': 0.0,
            'space': 'http://www.onvif.org/ver10/tptz/ZoomSpaces/VelocityGenericSpace'
        }
    },
    'Timeout': None
}
2025-06-24 15:20:48.507 | DEBUG    | ptz_controller:continuous_move:132 - Executing ContinuousMove with request: {
    'ProfileToken': 'MainProfileToken',
    'Velocity': {
        'PanTilt': {
            'x': -0.14,
            'y': -0.13,
            'space': 'http://www.onvif.org/ver10/tptz/PanTiltSpaces/VelocityGenericSpace'
        },
        'Zoom': {
            'x': 0.0,
            'space': 'http://www.onvif.org/ver10/tptz/ZoomSpaces/VelocityGenericSpace'
        }
    },
    'Timeout': None
}
2025-06-24 15:20:48.562 | DEBUG    | ptz_controller:continuous_move:132 - Executing ContinuousMove with request: {
    'ProfileToken': 'MainProfileToken',
    'Velocity': {
        'PanTilt': {
            'x': -0.14,
            'y': -0.12,
            'space': 'http://www.onvif.org/ver10/tptz/PanTiltSpaces/VelocityGenericSpace'
        },
        'Zoom': {
            'x': 0.0,
            'space': 'http://www.onvif.org/ver10/tptz/ZoomSpaces/VelocityGenericSpace'
        }
    },
    'Timeout': None
}
2025-06-24 15:20:48.615 | DEBUG    | ptz_controller:continuous_move:132 - Executing ContinuousMove with request: {
    'ProfileToken': 'MainProfileToken',
    'Velocity': {
        'PanTilt': {
            'x': -0.16,
            'y': -0.12,
            'space': 'http://www.onvif.org/ver10/tptz/PanTiltSpaces/VelocityGenericSpace'
        },
        'Zoom': {
            'x': 0.0,
            'space': 'http://www.onvif.org/ver10/tptz/ZoomSpaces/VelocityGenericSpace'
        }
    },
    'Timeout': None
}
2025-06-24 15:20:48.665 | DEBUG    | ptz_controller:continuous_move:132 - Executing ContinuousMove with request: {
    'ProfileToken': 'MainProfileToken',
    'Velocity': {
        'PanTilt': {
            'x': -0.17,
            'y': -0.13,
            'space': 'http://www.onvif.org/ver10/tptz/PanTiltSpaces/VelocityGenericSpace'
        },
        'Zoom': {
            'x': 0.0,
            'space': 'http://www.onvif.org/ver10/tptz/ZoomSpaces/VelocityGenericSpace'
        }
    },
    'Timeout': None
}
2025-06-24 15:20:48.749 | DEBUG    | ptz_controller:continuous_move:132 - Executing ContinuousMove with request: {
    'ProfileToken': 'MainProfileToken',
    'Velocity': {
        'PanTilt': {
            'x': -0.19,
            'y': -0.15,
            'space': 'http://www.onvif.org/ver10/tptz/PanTiltSpaces/VelocityGenericSpace'
        },
        'Zoom': {
            'x': 0.0,
            'space': 'http://www.onvif.org/ver10/tptz/ZoomSpaces/VelocityGenericSpace'
        }
    },
    'Timeout': None
}
2025-06-24 15:20:48.852 | DEBUG    | ptz_controller:continuous_move:132 - Executing ContinuousMove with request: {
    'ProfileToken': 'MainProfileToken',
    'Velocity': {
        'PanTilt': {
            'x': -0.29,
            'y': -0.25,
            'space': 'http://www.onvif.org/ver10/tptz/PanTiltSpaces/VelocityGenericSpace'
        },
        'Zoom': {
            'x': -0.08,
            'space': 'http://www.onvif.org/ver10/tptz/ZoomSpaces/VelocityGenericSpace'
        }
    },
    'Timeout': None
}
2025-06-24 15:20:49.615 | INFO     | __main__:main:222 - Application shut down cleanly.
